[2025-07-02 15:27:25,480] - INFO: Файл получен: формат avif.avif
[2025-07-02 15:27:25,480] - INFO: Файл получен: формат avif.avif
[2025-07-02 15:27:25,481] - WARNING: Неразрешённый формат файла.
[2025-07-02 15:27:25,481] - WARNING: Неразрешённый формат файла.
[2025-07-02 15:27:38,879] - INFO: Файл получен: size 19mb.jpg
[2025-07-02 15:27:38,879] - INFO: Файл получен: size 19mb.jpg
[2025-07-02 15:27:38,881] - WARNING: Размер файла превышает 5 МБ: 5242881 байт
[2025-07-02 15:27:38,881] - WARNING: Размер файла превышает 5 МБ: 5242881 байт
[2025-07-02 15:27:47,157] - INFO: Файл получен: images.jpg
[2025-07-02 15:27:47,157] - INFO: Файл получен: images.jpg
[2025-07-02 15:27:47,157] - INFO: Размер файла подходит: 18733 байт
[2025-07-02 15:27:47,157] - INFO: Размер файла подходит: 18733 байт
[2025-07-02 15:27:47,158] - INFO: Файл сохранён по пути: images\ac36604f053247ddb9ec313d2e5408d7.jpg
[2025-07-02 15:27:47,158] - INFO: Файл сохранён по пути: images\ac36604f053247ddb9ec313d2e5408d7.jpg
[2025-07-02 15:38:04,962] - INFO: Файл получен: Без названия.jpg
[2025-07-02 15:38:04,962] - INFO: Файл получен: Без названия.jpg
[2025-07-02 15:38:04,963] - INFO: Размер файла подходит: 6614 байт
[2025-07-02 15:38:04,963] - INFO: Размер файла подходит: 6614 байт
[2025-07-02 15:38:04,963] - INFO: Файл сохранён по пути: images\13c6555a932e4220bf775f44af93b06f.jpg
[2025-07-02 15:38:04,963] - INFO: Файл сохранён по пути: images\13c6555a932e4220bf775f44af93b06f.jpg
[2025-07-02 15:38:14,338] - INFO: Файл получен: birthday-1315.gif
[2025-07-02 15:38:14,338] - INFO: Файл получен: birthday-1315.gif
[2025-07-02 15:38:14,339] - INFO: Размер файла подходит: 1649155 байт
[2025-07-02 15:38:14,339] - INFO: Размер файла подходит: 1649155 байт
[2025-07-02 15:38:14,340] - INFO: Файл сохранён по пути: images\ca0e1523082745b4868535c76bff3e99.gif
[2025-07-02 15:38:14,340] - INFO: Файл сохранён по пути: images\ca0e1523082745b4868535c76bff3e99.gif
[2025-07-02 15:44:30,885] - INFO: Файл получен: birthday-1315.gif
[2025-07-02 15:44:30,885] - INFO: Файл получен: birthday-1315.gif
[2025-07-02 15:44:30,886] - INFO: Размер файла подходит: 1649155 байт
[2025-07-02 15:44:30,886] - INFO: Размер файла подходит: 1649155 байт
[2025-07-02 15:44:30,887] - INFO: Файл сохранён по пути: images\33dde17aef6944b7ac2d06e7ca347c56.gif
[2025-07-02 15:44:30,887] - INFO: Файл сохранён по пути: images\33dde17aef6944b7ac2d06e7ca347c56.gif
[2025-07-02 15:44:40,161] - INFO: Файл получен: images.jpg
[2025-07-02 15:44:40,161] - INFO: Файл получен: images.jpg
[2025-07-02 15:44:40,161] - INFO: Размер файла подходит: 18733 байт
[2025-07-02 15:44:40,161] - INFO: Размер файла подходит: 18733 байт
[2025-07-02 15:44:40,162] - INFO: Файл сохранён по пути: images\48f3061e6ea64a1bb7b105abdebdce29.jpg
[2025-07-02 15:44:40,162] - INFO: Файл сохранён по пути: images\48f3061e6ea64a1bb7b105abdebdce29.jpg
[2025-07-02 15:58:17,917] - INFO: 5 changes detected
[2025-07-02 15:58:30,324] - INFO: Файл получен: birthday-1315.gif
[2025-07-02 15:58:30,325] - INFO: Размер файла подходит: 1649155 байт
[2025-07-02 15:58:30,325] - INFO: Сгенерировано имя файла: 584c619d66bd4133be274eaea0a471b8.gif
[2025-07-02 15:58:30,326] - INFO: Файл сохранён по пути: images\584c619d66bd4133be274eaea0a471b8.gif
[2025-07-02 15:58:30,423] - INFO: 1 change detected
[2025-07-02 15:58:31,382] - INFO: 1 change detected
[2025-07-02 15:58:39,966] - INFO: Файл получен: size 19mb.jpg
[2025-07-02 15:58:39,967] - WARNING: Размер файла превышает 5 МБ: 5242881 байт
[2025-07-02 15:58:52,910] - INFO: Файл получен: формат avif.avif
[2025-07-02 15:58:52,910] - WARNING: Неразрешённый формат файла.
[2025-07-02 15:59:00,089] - INFO: 1 change detected
[2025-07-02 15:59:34,340] - INFO: Файл получен: images.jpg
[2025-07-02 15:59:34,340] - INFO: Размер файла подходит: 18733 байт
[2025-07-02 15:59:34,340] - INFO: Сгенерировано имя файла: c5187cf63bf1409eafd2973ed9620fc2.jpg
[2025-07-02 15:59:34,341] - INFO: Файл сохранён по пути: images\c5187cf63bf1409eafd2973ed9620fc2.jpg
[2025-07-02 15:59:34,395] - INFO: 1 change detected
[2025-07-02 15:59:35,452] - INFO: 1 change detected
[2025-07-02 15:59:38,221] - INFO: 1 change detected
[2025-07-02 16:00:46,089] - INFO: 1 change detected
[2025-07-02 16:01:10,426] - INFO: 1 change detected
[2025-07-03 10:49:11,316] - INFO: Файл получен: images.jpg
[2025-07-03 10:49:11,317] - INFO: Размер файла подходит: 18733 байт
[2025-07-03 10:49:11,318] - INFO: Сгенерировано имя файла: ed9298c8ce7041748974f7f5fb1dc860.jpg
[2025-07-03 10:49:11,322] - INFO: Файл сохранён по пути: images/ed9298c8ce7041748974f7f5fb1dc860.jpg
[2025-07-03 11:04:41,367] - INFO: Файл получен: images.jpg
[2025-07-03 11:04:41,367] - INFO: Размер файла подходит: 18733 байт
[2025-07-03 11:04:41,368] - INFO: Сгенерировано имя файла: 89d4efdc06904a37a30d718a5ea8a7ce.jpg
[2025-07-03 11:04:41,371] - INFO: Файл сохранён по пути: images/89d4efdc06904a37a30d718a5ea8a7ce.jpg
